[debug] [2021-01-31T05:37:31.834Z] ----------------------------------------------------------------------
[debug] [2021-01-31T05:37:31.835Z] Command:       C:\Program Files\nodejs\node.exe C:\Users\suryak\AppData\Roaming\npm\node_modules\firebase-tools\lib\bin\firebase.js init
[debug] [2021-01-31T05:37:31.836Z] CLI Version:   9.2.2
[debug] [2021-01-31T05:37:31.836Z] Platform:      win32
[debug] [2021-01-31T05:37:31.836Z] Node Version:  v14.15.3
[debug] [2021-01-31T05:37:31.836Z] Time:          Sun Jan 31 2021 11:07:31 GMT+0530 (India Standard Time)
[debug] [2021-01-31T05:37:31.836Z] ----------------------------------------------------------------------
[debug] [2021-01-31T05:37:31.836Z] 
[debug] [2021-01-31T05:37:31.840Z] > command requires scopes: ["email","openid","https://www.googleapis.com/auth/cloudplatformprojects.readonly","https://www.googleapis.com/auth/firebase","https://www.googleapis.com/auth/cloud-platform"]
[debug] [2021-01-31T05:37:31.841Z] > authorizing via signed-in user
[info] 
     ######## #### ########  ######## ########     ###     ######  ########
     ##        ##  ##     ## ##       ##     ##  ##   ##  ##       ##
     ######    ##  ########  ######   ########  #########  ######  ######
     ##        ##  ##    ##  ##       ##     ## ##     ##       ## ##
     ##       #### ##     ## ######## ########  ##     ##  ######  ########

You're about to initialize a Firebase project in this directory:

  C:\Users\suryak\Desktop\HarleyDavidson

[info] 
=== Project Setup
[info] 
[info] First, let's associate this project directory with a Firebase project.
[info] You can create multiple project aliases by running firebase use --add, 
[info] but for now we'll just set up a default project.
[info] 
[debug] [2021-01-31T05:38:14.075Z] >>> [apiv2][query] GET https://firebase.googleapis.com/v1beta1/projects pageSize=100
[debug] [2021-01-31T05:38:14.956Z] <<< [apiv2][status] GET https://firebase.googleapis.com/v1beta1/projects 200
[debug] [2021-01-31T05:38:14.956Z] <<< [apiv2][body] GET https://firebase.googleapis.com/v1beta1/projects [omitted]
[info] i  Using project harley-davidson-9dabd (Harley-Davidson) 
[info] 
=== Hosting Setup
[info] 
[info] Your public directory is the folder (relative to your project directory) that
[info] will contain Hosting assets to be uploaded with firebase deploy. If you
[info] have a build process for your assets, use your build's output directory.
[info] 
